<?xml version="1.0" encoding="UTF-8"?>
<testng-results skipped="0" failed="0" total="1" passed="1">
  <reporter-output>
  </reporter-output>
  <suite name="Suite" duration-ms="32845" started-at="2020-02-24T06:17:03Z" finished-at="2020-02-24T06:17:36Z">
    <groups>
    </groups>
    <test name="Test" duration-ms="32845" started-at="2020-02-24T06:17:03Z" finished-at="2020-02-24T06:17:36Z">
      <class name="JenkinsExecutionTest">
        <test-method status="PASS" signature="DemoTest()[pri:0, instance:JenkinsExecutionTest@23ceabc1]" name="DemoTest" duration-ms="32821" started-at="2020-02-24T11:47:03Z" finished-at="2020-02-24T11:47:36Z">
          <reporter-output>
          </reporter-output>
        </test-method> <!-- DemoTest -->
      </class> <!-- JenkinsExecutionTest -->
    </test> <!-- Test -->
  </suite> <!-- Suite -->
</testng-results>
