<?xml version="1.0" encoding="UTF-8"?>
<testng-results skipped="0" failed="0" total="1" passed="1">
  <reporter-output>
  </reporter-output>
  <suite name="Default suite" duration-ms="41462" started-at="2020-02-24T05:18:12Z" finished-at="2020-02-24T05:18:54Z">
    <groups>
    </groups>
    <test name="Default test" duration-ms="41462" started-at="2020-02-24T05:18:12Z" finished-at="2020-02-24T05:18:54Z">
      <class name="JenkinsExecutionTest">
        <test-method status="PASS" signature="Demo()[pri:0, instance:JenkinsExecutionTest@23ceabc1]" name="Demo" duration-ms="41437" started-at="2020-02-24T10:48:12Z" finished-at="2020-02-24T10:48:54Z">
          <reporter-output>
          </reporter-output>
        </test-method> <!-- Demo -->
      </class> <!-- JenkinsExecutionTest -->
    </test> <!-- Default test -->
  </suite> <!-- Default suite -->
</testng-results>
